# JRE version: OpenJDK Runtime Environment Temurin-17.0.10+7 (17.0.10+7) (build 17.0.10+7)
# Java VM: OpenJDK 64-Bit Server VM Temurin-17.0.10+7 (17.0.10+7, mixed mode, tiered, compressed oops, compressed class ptrs, g1 gc, linux-amd64)
GC Precious Log:
 CPUs: 4 total, 4 available
 Memory: 7811M
 Large Page Support: Disabled
 NUMA Support: Disabled
 Compressed Oops: Enabled (32-bit)
 Heap Region Size: 1M
 Heap Min Capacity: 8M
 Heap Initial Capacity: 124M
 Heap Max Capacity: 2G
 Pre-touch: Disabled
 Parallel Workers: 4
 Concurrent Workers: 1
 Concurrent Refinement Workers: 4
 Periodic GC: Disabled
Heap:
 garbage-first heap   total 194560K, used 152495K [0x0000000080000000, 0x0000000100000000)
  region size 1024K, 83 young (84992K), 5 survivors (5120K)
 Metaspace       used 87039K, committed 87744K, reserved 1179648K
  class space    used 12071K, committed 12416K, reserved 1048576K
GC Heap History (20 events):
Event: 63.619 GC heap after
{Heap after GC invocations=17 (full 0):
 garbage-first heap   total 90112K, used 43289K [0x0000000080000000, 0x0000000100000000)
  region size 1024K, 1 young (1024K), 1 survivors (1024K)
 Metaspace       used 59586K, committed 60096K, reserved 1114112K
  class space    used 8197K, committed 8448K, reserved 1048576K
}
Event: 67.502 GC heap before
{Heap before GC invocations=18 (full 0):
 garbage-first heap   total 90112K, used 74009K [0x0000000080000000, 0x0000000100000000)
  region size 1024K, 30 young (30720K), 1 survivors (1024K)
 Metaspace       used 62519K, committed 63104K, reserved 1114112K
  class space    used 8524K, committed 8832K, reserved 1048576K
}
Event: 67.546 GC heap after
{Heap after GC invocations=19 (full 0):
 garbage-first heap   total 90112K, used 45448K [0x0000000080000000, 0x0000000100000000)
  region size 1024K, 4 young (4096K), 4 survivors (4096K)
 Metaspace       used 62519K, committed 63104K, reserved 1114112K
  class space    used 8524K, committed 8832K, reserved 1048576K
}
Event: 69.598 GC heap before
{Heap before GC invocations=19 (full 0):
 garbage-first heap   total 90112K, used 60808K [0x0000000080000000, 0x0000000100000000)
  region size 1024K, 21 young (21504K), 4 survivors (4096K)
 Metaspace       used 63103K, committed 63744K, reserved 1114112K
  class space    used 8586K, committed 8896K, reserved 1048576K
}
Event: 69.656 GC heap after
{Heap after GC invocations=20 (full 0):
 garbage-first heap   total 90112K, used 46891K [0x0000000080000000, 0x0000000100000000)
  region size 1024K, 2 young (2048K), 2 survivors (2048K)
 Metaspace       used 63103K, committed 63744K, reserved 1114112K
  class space    used 8586K, committed 8896K, reserved 1048576K
}
Event: 71.756 GC heap before
{Heap before GC invocations=21 (full 0):
 garbage-first heap   total 97280K, used 76587K [0x0000000080000000, 0x0000000100000000)
  region size 1024K, 27 young (27648K), 2 survivors (2048K)
 Metaspace       used 64622K, committed 65216K, reserved 1114112K
  class space    used 8796K, committed 9088K, reserved 1048576K
}
Event: 71.764 GC heap after
{Heap after GC invocations=22 (full 0):
 garbage-first heap   total 97280K, used 56815K [0x0000000080000000, 0x0000000100000000)
  region size 1024K, 4 young (4096K), 4 survivors (4096K)
 Metaspace       used 64622K, committed 65216K, reserved 1114112K
  class space    used 8796K, committed 9088K, reserved 1048576K
}
Event: 71.813 GC heap before
{Heap before GC invocations=22 (full 0):
 garbage-first heap   total 97280K, used 57839K [0x0000000080000000, 0x0000000100000000)
  region size 1024K, 5 young (5120K), 4 survivors (4096K)
 Metaspace       used 64694K, committed 65280K, reserved 1114112K
  class space    used 8806K, committed 9088K, reserved 1048576K
}
Event: 71.849 GC heap after
{Heap after GC invocations=23 (full 0):
 garbage-first heap   total 97280K, used 57014K [0x0000000080000000, 0x0000000100000000)
  region size 1024K, 1 young (1024K), 1 survivors (1024K)
 Metaspace       used 64694K, committed 65280K, reserved 1114112K
  class space    used 8806K, committed 9088K, reserved 1048576K
}
Event: 73.570 GC heap before
{Heap before GC invocations=23 (full 0):
 garbage-first heap   total 97280K, used 77494K [0x0000000080000000, 0x0000000100000000)
  region size 1024K, 22 young (22528K), 1 survivors (1024K)
 Metaspace       used 66551K, committed 67200K, reserved 1114112K
  class space    used 9042K, committed 9344K, reserved 1048576K
}
Event: 73.583 GC heap after
{Heap after GC invocations=24 (full 0):
 garbage-first heap   total 194560K, used 57515K [0x0000000080000000, 0x0000000100000000)
  region size 1024K, 1 young (1024K), 1 survivors (1024K)
 Metaspace       used 66551K, committed 67200K, reserved 1114112K
  class space    used 9042K, committed 9344K, reserved 1048576K
}
Event: 79.191 GC heap before
{Heap before GC invocations=25 (full 0):
 garbage-first heap   total 194560K, used 143531K [0x0000000080000000, 0x0000000100000000)
  region size 1024K, 78 young (79872K), 1 survivors (1024K)
 Metaspace       used 72174K, committed 72832K, reserved 1114112K
  class space    used 9813K, committed 10112K, reserved 1048576K
}
Event: 79.242 GC heap after
{Heap after GC invocations=26 (full 0):
 garbage-first heap   total 194560K, used 64486K [0x0000000080000000, 0x0000000100000000)
  region size 1024K, 8 young (8192K), 8 survivors (8192K)
 Metaspace       used 72174K, committed 72832K, reserved 1114112K
  class space    used 9813K, committed 10112K, reserved 1048576K
}
Event: 79.296 GC heap before
{Heap before GC invocations=26 (full 0):
 garbage-first heap   total 194560K, used 65510K [0x0000000080000000, 0x0000000100000000)
  region size 1024K, 9 young (9216K), 8 survivors (8192K)
 Metaspace       used 72245K, committed 72896K, reserved 1114112K
  class space    used 9822K, committed 10112K, reserved 1048576K
}
Event: 79.313 GC heap after
{Heap after GC invocations=27 (full 0):
 garbage-first heap   total 194560K, used 64341K [0x0000000080000000, 0x0000000100000000)
  region size 1024K, 1 young (1024K), 1 survivors (1024K)
 Metaspace       used 72245K, committed 72896K, reserved 1114112K
  class space    used 9822K, committed 10112K, reserved 1048576K
}
Event: 84.924 GC heap before
{Heap before GC invocations=27 (full 0):
 garbage-first heap   total 194560K, used 146261K [0x0000000080000000, 0x0000000100000000)
  region size 1024K, 81 young (82944K), 1 survivors (1024K)
 Metaspace       used 75692K, committed 76352K, reserved 1179648K
  class space    used 10274K, committed 10560K, reserved 1048576K
}
Event: 84.946 GC heap after
{Heap after GC invocations=28 (full 0):
 garbage-first heap   total 194560K, used 68508K [0x0000000080000000, 0x0000000100000000)
  region size 1024K, 5 young (5120K), 5 survivors (5120K)
 Metaspace       used 75692K, committed 76352K, reserved 1179648K
  class space    used 10274K, committed 10560K, reserved 1048576K
}
Event: 90.556 GC heap before
{Heap before GC invocations=28 (full 0):
 garbage-first heap   total 194560K, used 148380K [0x0000000080000000, 0x0000000100000000)
  region size 1024K, 83 young (84992K), 5 survivors (5120K)
 Metaspace       used 80755K, committed 81344K, reserved 1179648K
  class space    used 11101K, committed 11392K, reserved 1048576K
}
Event: 90.609 GC heap after
{Heap after GC invocations=29 (full 0):
 garbage-first heap   total 194560K, used 71599K [0x0000000080000000, 0x0000000100000000)
  region size 1024K, 8 young (8192K), 8 survivors (8192K)
 Metaspace       used 80755K, committed 81344K, reserved 1179648K
  class space    used 11101K, committed 11392K, reserved 1048576K
}
Event: 97.235 GC heap before
{Heap before GC invocations=29 (full 0):
 garbage-first heap   total 194560K, used 152495K [0x0000000080000000, 0x0000000100000000)
  region size 1024K, 86 young (88064K), 8 survivors (8192K)
 Metaspace       used 87039K, committed 87744K, reserved 1179648K
  class space    used 12071K, committed 12416K, reserved 1048576K
}

