# JRE version: OpenJDK Runtime Environment Temurin-17.0.10+7 (17.0.10+7) (build 17.0.10+7)
# Java VM: OpenJDK 64-Bit Server VM Temurin-17.0.10+7 (17.0.10+7, mixed mode, tiered, compressed oops, compressed class ptrs, parallel gc, linux-amd64)
GC Precious Log:
 CPUs: 4 total, 4 available
 Memory: 7811M
 Large Page Support: Disabled
 NUMA Support: Disabled
 Compressed Oops: Enabled (32-bit)
 Alignments: Space 512K, Generation 512K, Heap 2M
 Heap Min Capacity: 100M
 Heap Initial Capacity: 100M
 Heap Max Capacity: 1G
 Pre-touch: Disabled
 Parallel Workers: 4
Heap:
 PSYoungGen      total 15872K, used 11094K [0x00000000eab00000, 0x00000000ec000000, 0x0000000100000000)
  eden space 15360K, 72% used [0x00000000eab00000,0x00000000eb5d5ad8,0x00000000eba00000)
  from space 512K, 0% used [0x00000000eba80000,0x00000000eba80000,0x00000000ebb00000)
  to   space 3072K, 0% used [0x00000000ebd00000,0x00000000ebd00000,0x00000000ec000000)
 ParOldGen       total 222720K, used 188406K [0x00000000c0000000, 0x00000000cd980000, 0x00000000eab00000)
  object space 222720K, 84% used [0x00000000c0000000,0x00000000cb7fd990,0x00000000cd980000)
 Metaspace       used 65510K, committed 66624K, reserved 1114112K
  class space    used 7988K, committed 8448K, reserved 1048576K
GC Heap History (20 events):
Event: 84.627 GC heap before
{Heap before GC invocations=176 (full 7):
 PSYoungGen      total 11264K, used 10215K [0x00000000eab00000, 0x00000000eb900000, 0x0000000100000000)
  eden space 8704K, 100% used [0x00000000eab00000,0x00000000eb380000,0x00000000eb380000)
  from space 2560K, 59% used [0x00000000eb380000,0x00000000eb4f9c18,0x00000000eb600000)
  to   space 2048K, 0% used [0x00000000eb700000,0x00000000eb700000,0x00000000eb900000)
 ParOldGen       total 193536K, used 178485K [0x00000000c0000000, 0x00000000cbd00000, 0x00000000eab00000)
  object space 193536K, 92% used [0x00000000c0000000,0x00000000cae4d4a0,0x00000000cbd00000)
 Metaspace       used 65510K, committed 66624K, reserved 1114112K
  class space    used 7988K, committed 8448K, reserved 1048576K
}
Event: 84.657 GC heap after
{Heap after GC invocations=176 (full 7):
 PSYoungGen      total 12288K, used 1497K [0x00000000eab00000, 0x00000000eb900000, 0x0000000100000000)
  eden space 10240K, 0% used [0x00000000eab00000,0x00000000eab00000,0x00000000eb500000)
  from space 2048K, 73% used [0x00000000eb700000,0x00000000eb8767c8,0x00000000eb900000)
  to   space 2048K, 0% used [0x00000000eb500000,0x00000000eb500000,0x00000000eb700000)
 ParOldGen       total 193536K, used 179956K [0x00000000c0000000, 0x00000000cbd00000, 0x00000000eab00000)
  object space 193536K, 92% used [0x00000000c0000000,0x00000000cafbd008,0x00000000cbd00000)
 Metaspace       used 65510K, committed 66624K, reserved 1114112K
  class space    used 7988K, committed 8448K, reserved 1048576K
}
Event: 84.773 GC heap before
{Heap before GC invocations=177 (full 7):
 PSYoungGen      total 12288K, used 11737K [0x00000000eab00000, 0x00000000eb900000, 0x0000000100000000)
  eden space 10240K, 100% used [0x00000000eab00000,0x00000000eb500000,0x00000000eb500000)
  from space 2048K, 73% used [0x00000000eb700000,0x00000000eb8767c8,0x00000000eb900000)
  to   space 2048K, 0% used [0x00000000eb500000,0x00000000eb500000,0x00000000eb700000)
 ParOldGen       total 193536K, used 179956K [0x00000000c0000000, 0x00000000cbd00000, 0x00000000eab00000)
  object space 193536K, 92% used [0x00000000c0000000,0x00000000cafbd008,0x00000000cbd00000)
 Metaspace       used 65510K, committed 66624K, reserved 1114112K
  class space    used 7988K, committed 8448K, reserved 1048576K
}
Event: 84.809 GC heap after
{Heap after GC invocations=177 (full 7):
 PSYoungGen      total 12288K, used 1456K [0x00000000eab00000, 0x00000000eb980000, 0x0000000100000000)
  eden space 10240K, 0% used [0x00000000eab00000,0x00000000eab00000,0x00000000eb500000)
  from space 2048K, 71% used [0x00000000eb500000,0x00000000eb66c1d0,0x00000000eb700000)
  to   space 1536K, 0% used [0x00000000eb800000,0x00000000eb800000,0x00000000eb980000)
 ParOldGen       total 193536K, used 181401K [0x00000000c0000000, 0x00000000cbd00000, 0x00000000eab00000)
  object space 193536K, 93% used [0x00000000c0000000,0x00000000cb1265d8,0x00000000cbd00000)
 Metaspace       used 65510K, committed 66624K, reserved 1114112K
  class space    used 7988K, committed 8448K, reserved 1048576K
}
Event: 84.918 GC heap before
{Heap before GC invocations=178 (full 7):
 PSYoungGen      total 12288K, used 11696K [0x00000000eab00000, 0x00000000eb980000, 0x0000000100000000)
  eden space 10240K, 100% used [0x00000000eab00000,0x00000000eb500000,0x00000000eb500000)
  from space 2048K, 71% used [0x00000000eb500000,0x00000000eb66c1d0,0x00000000eb700000)
  to   space 1536K, 0% used [0x00000000eb800000,0x00000000eb800000,0x00000000eb980000)
 ParOldGen       total 193536K, used 181401K [0x00000000c0000000, 0x00000000cbd00000, 0x00000000eab00000)
  object space 193536K, 93% used [0x00000000c0000000,0x00000000cb1265d8,0x00000000cbd00000)
 Metaspace       used 65510K, committed 66624K, reserved 1114112K
  class space    used 7988K, committed 8448K, reserved 1048576K
}
Event: 84.926 GC heap after
{Heap after GC invocations=178 (full 7):
 PSYoungGen      total 11264K, used 1506K [0x00000000eab00000, 0x00000000ebd80000, 0x0000000100000000)
  eden space 9728K, 0% used [0x00000000eab00000,0x00000000eab00000,0x00000000eb480000)
  from space 1536K, 98% used [0x00000000eb800000,0x00000000eb9789d8,0x00000000eb980000)
  to   space 3584K, 0% used [0x00000000eb480000,0x00000000eb480000,0x00000000eb800000)
 ParOldGen       total 193536K, used 182936K [0x00000000c0000000, 0x00000000cbd00000, 0x00000000eab00000)
  object space 193536K, 94% used [0x00000000c0000000,0x00000000cb2a6078,0x00000000cbd00000)
 Metaspace       used 65510K, committed 66624K, reserved 1114112K
  class space    used 7988K, committed 8448K, reserved 1048576K
}
Event: 85.050 GC heap before
{Heap before GC invocations=179 (full 7):
 PSYoungGen      total 11264K, used 11234K [0x00000000eab00000, 0x00000000ebd80000, 0x0000000100000000)
  eden space 9728K, 100% used [0x00000000eab00000,0x00000000eb480000,0x00000000eb480000)
  from space 1536K, 98% used [0x00000000eb800000,0x00000000eb9789d8,0x00000000eb980000)
  to   space 3584K, 0% used [0x00000000eb480000,0x00000000eb480000,0x00000000eb800000)
 ParOldGen       total 193536K, used 182936K [0x00000000c0000000, 0x00000000cbd00000, 0x00000000eab00000)
  object space 193536K, 94% used [0x00000000c0000000,0x00000000cb2a6078,0x00000000cbd00000)
 Metaspace       used 65510K, committed 66624K, reserved 1114112K
  class space    used 7988K, committed 8448K, reserved 1048576K
}
Event: 85.058 GC heap after
{Heap after GC invocations=179 (full 7):
 PSYoungGen      total 13312K, used 1767K [0x00000000eab00000, 0x00000000ebb00000, 0x0000000100000000)
  eden space 9728K, 0% used [0x00000000eab00000,0x00000000eab00000,0x00000000eb480000)
  from space 3584K, 49% used [0x00000000eb480000,0x00000000eb639cd0,0x00000000eb800000)
  to   space 2560K, 0% used [0x00000000eb880000,0x00000000eb880000,0x00000000ebb00000)
 ParOldGen       total 193536K, used 184374K [0x00000000c0000000, 0x00000000cbd00000, 0x00000000eab00000)
  object space 193536K, 95% used [0x00000000c0000000,0x00000000cb40dae0,0x00000000cbd00000)
 Metaspace       used 65510K, committed 66624K, reserved 1114112K
  class space    used 7988K, committed 8448K, reserved 1048576K
}
Event: 85.167 GC heap before
{Heap before GC invocations=180 (full 7):
 PSYoungGen      total 13312K, used 11495K [0x00000000eab00000, 0x00000000ebb00000, 0x0000000100000000)
  eden space 9728K, 100% used [0x00000000eab00000,0x00000000eb480000,0x00000000eb480000)
  from space 3584K, 49% used [0x00000000eb480000,0x00000000eb639cd0,0x00000000eb800000)
  to   space 2560K, 0% used [0x00000000eb880000,0x00000000eb880000,0x00000000ebb00000)
 ParOldGen       total 193536K, used 184374K [0x00000000c0000000, 0x00000000cbd00000, 0x00000000eab00000)
  object space 193536K, 95% used [0x00000000c0000000,0x00000000cb40dae0,0x00000000cbd00000)
 Metaspace       used 65510K, committed 66624K, reserved 1114112K
  class space    used 7988K, committed 8448K, reserved 1048576K
}
Event: 85.204 GC heap after
{Heap after GC invocations=180 (full 7):
 PSYoungGen      total 13312K, used 1557K [0x00000000eab00000, 0x00000000eba80000, 0x0000000100000000)
  eden space 11264K, 0% used [0x00000000eab00000,0x00000000eab00000,0x00000000eb600000)
  from space 2048K, 76% used [0x00000000eb880000,0x00000000eba054e0,0x00000000eba80000)
  to   space 2048K, 0% used [0x00000000eb680000,0x00000000eb680000,0x00000000eb880000)
 ParOldGen       total 193536K, used 186035K [0x00000000c0000000, 0x00000000cbd00000, 0x00000000eab00000)
  object space 193536K, 96% used [0x00000000c0000000,0x00000000cb5ace58,0x00000000cbd00000)
 Metaspace       used 65510K, committed 66624K, reserved 1114112K
  class space    used 7988K, committed 8448K, reserved 1048576K
}
Event: 85.408 GC heap before
{Heap before GC invocations=181 (full 7):
 PSYoungGen      total 13312K, used 12821K [0x00000000eab00000, 0x00000000eba80000, 0x0000000100000000)
  eden space 11264K, 100% used [0x00000000eab00000,0x00000000eb600000,0x00000000eb600000)
  from space 2048K, 76% used [0x00000000eb880000,0x00000000eba054e0,0x00000000eba80000)
  to   space 2048K, 0% used [0x00000000eb680000,0x00000000eb680000,0x00000000eb880000)
 ParOldGen       total 193536K, used 186035K [0x00000000c0000000, 0x00000000cbd00000, 0x00000000eab00000)
  object space 193536K, 96% used [0x00000000c0000000,0x00000000cb5ace58,0x00000000cbd00000)
 Metaspace       used 65510K, committed 66624K, reserved 1114112K
  class space    used 7988K, committed 8448K, reserved 1048576K
}
Event: 85.451 GC heap after
{Heap after GC invocations=181 (full 7):
 PSYoungGen      total 13824K, used 1800K [0x00000000eab00000, 0x00000000ebc00000, 0x0000000100000000)
  eden space 11776K, 0% used [0x00000000eab00000,0x00000000eab00000,0x00000000eb680000)
  from space 2048K, 87% used [0x00000000eb680000,0x00000000eb842230,0x00000000eb880000)
  to   space 2048K, 0% used [0x00000000eba00000,0x00000000eba00000,0x00000000ebc00000)
 ParOldGen       total 193536K, used 187513K [0x00000000c0000000, 0x00000000cbd00000, 0x00000000eab00000)
  object space 193536K, 96% used [0x00000000c0000000,0x00000000cb71e6d0,0x00000000cbd00000)
 Metaspace       used 65510K, committed 66624K, reserved 1114112K
  class space    used 7988K, committed 8448K, reserved 1048576K
}
Event: 85.648 GC heap before
{Heap before GC invocations=182 (full 7):
 PSYoungGen      total 13824K, used 13576K [0x00000000eab00000, 0x00000000ebc00000, 0x0000000100000000)
  eden space 11776K, 100% used [0x00000000eab00000,0x00000000eb680000,0x00000000eb680000)
  from space 2048K, 87% used [0x00000000eb680000,0x00000000eb842230,0x00000000eb880000)
  to   space 2048K, 0% used [0x00000000eba00000,0x00000000eba00000,0x00000000ebc00000)
 ParOldGen       total 193536K, used 187513K [0x00000000c0000000, 0x00000000cbd00000, 0x00000000eab00000)
  object space 193536K, 96% used [0x00000000c0000000,0x00000000cb71e6d0,0x00000000cbd00000)
 Metaspace       used 65510K, committed 66624K, reserved 1114112K
  class space    used 7988K, committed 8448K, reserved 1048576K
}
Event: 85.658 GC heap after
{Heap after GC invocations=182 (full 7):
 PSYoungGen      total 15360K, used 1688K [0x00000000eab00000, 0x00000000ebc00000, 0x0000000100000000)
  eden space 13312K, 0% used [0x00000000eab00000,0x00000000eab00000,0x00000000eb800000)
  from space 2048K, 82% used [0x00000000eba00000,0x00000000ebba6210,0x00000000ebc00000)
  to   space 2048K, 0% used [0x00000000eb800000,0x00000000eb800000,0x00000000eba00000)
 ParOldGen       total 193536K, used 189124K [0x00000000c0000000, 0x00000000cbd00000, 0x00000000eab00000)
  object space 193536K, 97% used [0x00000000c0000000,0x00000000cb8b1380,0x00000000cbd00000)
 Metaspace       used 65510K, committed 66624K, reserved 1114112K
  class space    used 7988K, committed 8448K, reserved 1048576K
}
Event: 85.992 GC heap before
{Heap before GC invocations=183 (full 7):
 PSYoungGen      total 15360K, used 14999K [0x00000000eab00000, 0x00000000ebc00000, 0x0000000100000000)
  eden space 13312K, 99% used [0x00000000eab00000,0x00000000eb7ffba0,0x00000000eb800000)
  from space 2048K, 82% used [0x00000000eba00000,0x00000000ebba6210,0x00000000ebc00000)
  to   space 2048K, 0% used [0x00000000eb800000,0x00000000eb800000,0x00000000eba00000)
 ParOldGen       total 193536K, used 189124K [0x00000000c0000000, 0x00000000cbd00000, 0x00000000eab00000)
  object space 193536K, 97% used [0x00000000c0000000,0x00000000cb8b1380,0x00000000cbd00000)
 Metaspace       used 65510K, committed 66624K, reserved 1114112K
  class space    used 7988K, committed 8448K, reserved 1048576K
}
Event: 86.002 GC heap after
{Heap after GC invocations=183 (full 7):
 PSYoungGen      total 15360K, used 2043K [0x00000000eab00000, 0x00000000ec200000, 0x0000000100000000)
  eden space 13312K, 0% used [0x00000000eab00000,0x00000000eab00000,0x00000000eb800000)
  from space 2048K, 99% used [0x00000000eb800000,0x00000000eb9fecb8,0x00000000eba00000)
  to   space 4096K, 0% used [0x00000000ebe00000,0x00000000ebe00000,0x00000000ec200000)
 ParOldGen       total 193536K, used 190767K [0x00000000c0000000, 0x00000000cbd00000, 0x00000000eab00000)
  object space 193536K, 98% used [0x00000000c0000000,0x00000000cba4bf20,0x00000000cbd00000)
 Metaspace       used 65510K, committed 66624K, reserved 1114112K
  class space    used 7988K, committed 8448K, reserved 1048576K
}
Event: 86.282 GC heap before
{Heap before GC invocations=184 (full 7):
 PSYoungGen      total 15360K, used 15355K [0x00000000eab00000, 0x00000000ec200000, 0x0000000100000000)
  eden space 13312K, 100% used [0x00000000eab00000,0x00000000eb800000,0x00000000eb800000)
  from space 2048K, 99% used [0x00000000eb800000,0x00000000eb9fecb8,0x00000000eba00000)
  to   space 4096K, 0% used [0x00000000ebe00000,0x00000000ebe00000,0x00000000ec200000)
 ParOldGen       total 193536K, used 190768K [0x00000000c0000000, 0x00000000cbd00000, 0x00000000eab00000)
  object space 193536K, 98% used [0x00000000c0000000,0x00000000cba4c170,0x00000000cbd00000)
 Metaspace       used 65510K, committed 66624K, reserved 1114112K
  class space    used 7988K, committed 8448K, reserved 1048576K
}
Event: 86.288 GC heap after
{Heap after GC invocations=184 (full 7):
 PSYoungGen      total 17920K, used 2369K [0x00000000eab00000, 0x00000000ec080000, 0x0000000100000000)
  eden space 15360K, 0% used [0x00000000eab00000,0x00000000eab00000,0x00000000eba00000)
  from space 2560K, 92% used [0x00000000ebe00000,0x00000000ec050450,0x00000000ec080000)
  to   space 3072K, 0% used [0x00000000eba80000,0x00000000eba80000,0x00000000ebd80000)
 ParOldGen       total 193536K, used 192738K [0x00000000c0000000, 0x00000000cbd00000, 0x00000000eab00000)
  object space 193536K, 99% used [0x00000000c0000000,0x00000000cbc388e0,0x00000000cbd00000)
 Metaspace       used 65510K, committed 66624K, reserved 1114112K
  class space    used 7988K, committed 8448K, reserved 1048576K
}
Event: 86.288 GC heap before
{Heap before GC invocations=185 (full 8):
 PSYoungGen      total 17920K, used 2369K [0x00000000eab00000, 0x00000000ec080000, 0x0000000100000000)
  eden space 15360K, 0% used [0x00000000eab00000,0x00000000eab00000,0x00000000eba00000)
  from space 2560K, 92% used [0x00000000ebe00000,0x00000000ec050450,0x00000000ec080000)
  to   space 3072K, 0% used [0x00000000eba80000,0x00000000eba80000,0x00000000ebd80000)
 ParOldGen       total 193536K, used 192738K [0x00000000c0000000, 0x00000000cbd00000, 0x00000000eab00000)
  object space 193536K, 99% used [0x00000000c0000000,0x00000000cbc388e0,0x00000000cbd00000)
 Metaspace       used 65510K, committed 66624K, reserved 1114112K
  class space    used 7988K, committed 8448K, reserved 1048576K
}
Event: 86.977 GC heap after
{Heap after GC invocations=185 (full 8):
 PSYoungGen      total 15872K, used 0K [0x00000000eab00000, 0x00000000ec000000, 0x0000000100000000)
  eden space 15360K, 0% used [0x00000000eab00000,0x00000000eab00000,0x00000000eba00000)
  from space 512K, 0% used [0x00000000eba80000,0x00000000eba80000,0x00000000ebb00000)
  to   space 3072K, 0% used [0x00000000ebd00000,0x00000000ebd00000,0x00000000ec000000)
 ParOldGen       total 222720K, used 188406K [0x00000000c0000000, 0x00000000cd980000, 0x00000000eab00000)
  object space 222720K, 84% used [0x00000000c0000000,0x00000000cb7fd990,0x00000000cd980000)
 Metaspace       used 65510K, committed 66624K, reserved 1114112K
  class space    used 7988K, committed 8448K, reserved 1048576K
}

