# JRE version: OpenJDK Runtime Environment Temurin-17.0.10+7 (17.0.10+7) (build 17.0.10+7)
# Java VM: OpenJDK 64-Bit Server VM Temurin-17.0.10+7 (17.0.10+7, mixed mode, tiered, compressed oops, compressed class ptrs, parallel gc, linux-amd64)
GC Precious Log:
 CPUs: 4 total, 4 available
 Memory: 7811M
 Large Page Support: Disabled
 NUMA Support: Disabled
 Compressed Oops: Enabled (32-bit)
 Alignments: Space 512K, Generation 512K, Heap 2M
 Heap Min Capacity: 100M
 Heap Initial Capacity: 100M
 Heap Max Capacity: 1G
 Pre-touch: Disabled
 Parallel Workers: 4
Heap:
 PSYoungGen      total 30720K, used 30708K [0x00000000eab00000, 0x00000000ee080000, 0x0000000100000000)
  eden space 18944K, 100% used [0x00000000eab00000,0x00000000ebd80000,0x00000000ebd80000)
  from space 11776K, 99% used [0x00000000ecd00000,0x00000000ed87d0e8,0x00000000ed880000)
  to   space 15872K, 64% used [0x00000000ebd80000,0x00000000ec78a810,0x00000000ecd00000)
 ParOldGen       total 225792K, used 206978K [0x00000000c0000000, 0x00000000cdc80000, 0x00000000eab00000)
  object space 225792K, 91% used [0x00000000c0000000,0x00000000cca20ba8,0x00000000cdc80000)
 Metaspace       used 67072K, committed 68224K, reserved 1114112K
  class space    used 8181K, committed 8704K, reserved 1048576K
GC Heap History (20 events):
Event: 44.613 GC heap after
{Heap after GC invocations=124 (full 6):
 PSYoungGen      total 31232K, used 5635K [0x00000000eab00000, 0x00000000ed300000, 0x0000000100000000)
  eden space 25088K, 0% used [0x00000000eab00000,0x00000000eab00000,0x00000000ec380000)
  from space 6144K, 91% used [0x00000000ecd00000,0x00000000ed280ce8,0x00000000ed300000)
  to   space 7680K, 0% used [0x00000000ec400000,0x00000000ec400000,0x00000000ecb80000)
 ParOldGen       total 180224K, used 179898K [0x00000000c0000000, 0x00000000cb000000, 0x00000000eab00000)
  object space 180224K, 99% used [0x00000000c0000000,0x00000000cafaeb70,0x00000000cb000000)
 Metaspace       used 65425K, committed 66432K, reserved 1114112K
  class space    used 7952K, committed 8384K, reserved 1048576K
}
Event: 44.613 GC heap before
{Heap before GC invocations=125 (full 7):
 PSYoungGen      total 31232K, used 5635K [0x00000000eab00000, 0x00000000ed300000, 0x0000000100000000)
  eden space 25088K, 0% used [0x00000000eab00000,0x00000000eab00000,0x00000000ec380000)
  from space 6144K, 91% used [0x00000000ecd00000,0x00000000ed280ce8,0x00000000ed300000)
  to   space 7680K, 0% used [0x00000000ec400000,0x00000000ec400000,0x00000000ecb80000)
 ParOldGen       total 180224K, used 179898K [0x00000000c0000000, 0x00000000cb000000, 0x00000000eab00000)
  object space 180224K, 99% used [0x00000000c0000000,0x00000000cafaeb70,0x00000000cb000000)
 Metaspace       used 65425K, committed 66432K, reserved 1114112K
  class space    used 7952K, committed 8384K, reserved 1048576K
}
Event: 45.748 GC heap after
{Heap after GC invocations=125 (full 7):
 PSYoungGen      total 33280K, used 1428K [0x00000000eab00000, 0x00000000ed480000, 0x0000000100000000)
  eden space 27136K, 0% used [0x00000000eab00000,0x00000000eab00000,0x00000000ec580000)
  from space 6144K, 23% used [0x00000000ecd00000,0x00000000ece651f8,0x00000000ed300000)
  to   space 7680K, 0% used [0x00000000ec580000,0x00000000ec580000,0x00000000ecd00000)
 ParOldGen       total 225792K, used 179945K [0x00000000c0000000, 0x00000000cdc80000, 0x00000000eab00000)
  object space 225792K, 79% used [0x00000000c0000000,0x00000000cafba628,0x00000000cdc80000)
 Metaspace       used 65425K, committed 66432K, reserved 1114112K
  class space    used 7952K, committed 8384K, reserved 1048576K
}
Event: 46.001 GC heap before
{Heap before GC invocations=126 (full 7):
 PSYoungGen      total 33280K, used 28564K [0x00000000eab00000, 0x00000000ed480000, 0x0000000100000000)
  eden space 27136K, 100% used [0x00000000eab00000,0x00000000ec580000,0x00000000ec580000)
  from space 6144K, 23% used [0x00000000ecd00000,0x00000000ece651f8,0x00000000ed300000)
  to   space 7680K, 0% used [0x00000000ec580000,0x00000000ec580000,0x00000000ecd00000)
 ParOldGen       total 225792K, used 179945K [0x00000000c0000000, 0x00000000cdc80000, 0x00000000eab00000)
  object space 225792K, 79% used [0x00000000c0000000,0x00000000cafba628,0x00000000cdc80000)
 Metaspace       used 65425K, committed 66432K, reserved 1114112K
  class space    used 7952K, committed 8384K, reserved 1048576K
}
Event: 46.052 GC heap after
{Heap after GC invocations=126 (full 7):
 PSYoungGen      total 34816K, used 5489K [0x00000000eab00000, 0x00000000ed380000, 0x0000000100000000)
  eden space 27136K, 0% used [0x00000000eab00000,0x00000000eab00000,0x00000000ec580000)
  from space 7680K, 71% used [0x00000000ec580000,0x00000000ecadc5c8,0x00000000ecd00000)
  to   space 6144K, 0% used [0x00000000ecd80000,0x00000000ecd80000,0x00000000ed380000)
 ParOldGen       total 225792K, used 179945K [0x00000000c0000000, 0x00000000cdc80000, 0x00000000eab00000)
  object space 225792K, 79% used [0x00000000c0000000,0x00000000cafba628,0x00000000cdc80000)
 Metaspace       used 65425K, committed 66432K, reserved 1114112K
  class space    used 7952K, committed 8384K, reserved 1048576K
}
Event: 46.299 GC heap before
{Heap before GC invocations=127 (full 7):
 PSYoungGen      total 34816K, used 32625K [0x00000000eab00000, 0x00000000ed380000, 0x0000000100000000)
  eden space 27136K, 100% used [0x00000000eab00000,0x00000000ec580000,0x00000000ec580000)
  from space 7680K, 71% used [0x00000000ec580000,0x00000000ecadc5c8,0x00000000ecd00000)
  to   space 6144K, 0% used [0x00000000ecd80000,0x00000000ecd80000,0x00000000ed380000)
 ParOldGen       total 225792K, used 179945K [0x00000000c0000000, 0x00000000cdc80000, 0x00000000eab00000)
  object space 225792K, 79% used [0x00000000c0000000,0x00000000cafba628,0x00000000cdc80000)
 Metaspace       used 65425K, committed 66432K, reserved 1114112K
  class space    used 7952K, committed 8384K, reserved 1048576K
}
Event: 46.336 GC heap after
{Heap after GC invocations=127 (full 7):
 PSYoungGen      total 31744K, used 6132K [0x00000000eab00000, 0x00000000eda80000, 0x0000000100000000)
  eden space 25600K, 0% used [0x00000000eab00000,0x00000000eab00000,0x00000000ec400000)
  from space 6144K, 99% used [0x00000000ecd80000,0x00000000ed37d370,0x00000000ed380000)
  to   space 9728K, 0% used [0x00000000ec400000,0x00000000ec400000,0x00000000ecd80000)
 ParOldGen       total 225792K, used 182527K [0x00000000c0000000, 0x00000000cdc80000, 0x00000000eab00000)
  object space 225792K, 80% used [0x00000000c0000000,0x00000000cb23fe60,0x00000000cdc80000)
 Metaspace       used 65425K, committed 66432K, reserved 1114112K
  class space    used 7952K, committed 8384K, reserved 1048576K
}
Event: 46.540 GC heap before
{Heap before GC invocations=128 (full 7):
 PSYoungGen      total 31744K, used 31732K [0x00000000eab00000, 0x00000000eda80000, 0x0000000100000000)
  eden space 25600K, 100% used [0x00000000eab00000,0x00000000ec400000,0x00000000ec400000)
  from space 6144K, 99% used [0x00000000ecd80000,0x00000000ed37d370,0x00000000ed380000)
  to   space 9728K, 0% used [0x00000000ec400000,0x00000000ec400000,0x00000000ecd80000)
 ParOldGen       total 225792K, used 182527K [0x00000000c0000000, 0x00000000cdc80000, 0x00000000eab00000)
  object space 225792K, 80% used [0x00000000c0000000,0x00000000cb23fe60,0x00000000cdc80000)
 Metaspace       used 65425K, committed 66432K, reserved 1114112K
  class space    used 7952K, committed 8384K, reserved 1048576K
}
Event: 46.574 GC heap after
{Heap after GC invocations=128 (full 7):
 PSYoungGen      total 35328K, used 8765K [0x00000000eab00000, 0x00000000ed800000, 0x0000000100000000)
  eden space 25600K, 0% used [0x00000000eab00000,0x00000000eab00000,0x00000000ec400000)
  from space 9728K, 90% used [0x00000000ec400000,0x00000000ecc8f440,0x00000000ecd80000)
  to   space 9216K, 0% used [0x00000000ecf00000,0x00000000ecf00000,0x00000000ed800000)
 ParOldGen       total 225792K, used 182748K [0x00000000c0000000, 0x00000000cdc80000, 0x00000000eab00000)
  object space 225792K, 80% used [0x00000000c0000000,0x00000000cb277250,0x00000000cdc80000)
 Metaspace       used 65425K, committed 66432K, reserved 1114112K
  class space    used 7952K, committed 8384K, reserved 1048576K
}
Event: 46.829 GC heap before
{Heap before GC invocations=129 (full 7):
 PSYoungGen      total 35328K, used 34365K [0x00000000eab00000, 0x00000000ed800000, 0x0000000100000000)
  eden space 25600K, 100% used [0x00000000eab00000,0x00000000ec400000,0x00000000ec400000)
  from space 9728K, 90% used [0x00000000ec400000,0x00000000ecc8f440,0x00000000ecd80000)
  to   space 9216K, 0% used [0x00000000ecf00000,0x00000000ecf00000,0x00000000ed800000)
 ParOldGen       total 225792K, used 182748K [0x00000000c0000000, 0x00000000cdc80000, 0x00000000eab00000)
  object space 225792K, 80% used [0x00000000c0000000,0x00000000cb277250,0x00000000cdc80000)
 Metaspace       used 65659K, committed 66688K, reserved 1114112K
  class space    used 7994K, committed 8448K, reserved 1048576K
}
Event: 46.868 GC heap after
{Heap after GC invocations=129 (full 7):
 PSYoungGen      total 32256K, used 9190K [0x00000000eab00000, 0x00000000ee180000, 0x0000000100000000)
  eden space 23040K, 0% used [0x00000000eab00000,0x00000000eab00000,0x00000000ec180000)
  from space 9216K, 99% used [0x00000000ecf00000,0x00000000ed7f9bc0,0x00000000ed800000)
  to   space 13824K, 0% used [0x00000000ec180000,0x00000000ec180000,0x00000000ecf00000)
 ParOldGen       total 225792K, used 186387K [0x00000000c0000000, 0x00000000cdc80000, 0x00000000eab00000)
  object space 225792K, 82% used [0x00000000c0000000,0x00000000cb604f10,0x00000000cdc80000)
 Metaspace       used 65659K, committed 66688K, reserved 1114112K
  class space    used 7994K, committed 8448K, reserved 1048576K
}
Event: 47.061 GC heap before
{Heap before GC invocations=130 (full 7):
 PSYoungGen      total 32256K, used 32230K [0x00000000eab00000, 0x00000000ee180000, 0x0000000100000000)
  eden space 23040K, 100% used [0x00000000eab00000,0x00000000ec180000,0x00000000ec180000)
  from space 9216K, 99% used [0x00000000ecf00000,0x00000000ed7f9bc0,0x00000000ed800000)
  to   space 13824K, 0% used [0x00000000ec180000,0x00000000ec180000,0x00000000ecf00000)
 ParOldGen       total 225792K, used 186387K [0x00000000c0000000, 0x00000000cdc80000, 0x00000000eab00000)
  object space 225792K, 82% used [0x00000000c0000000,0x00000000cb604f10,0x00000000cdc80000)
 Metaspace       used 66414K, committed 67456K, reserved 1114112K
  class space    used 8103K, committed 8576K, reserved 1048576K
}
Event: 47.073 GC heap after
{Heap after GC invocations=130 (full 7):
 PSYoungGen      total 32256K, used 8892K [0x00000000eab00000, 0x00000000ed880000, 0x0000000100000000)
  eden space 23040K, 0% used [0x00000000eab00000,0x00000000eab00000,0x00000000ec180000)
  from space 9216K, 96% used [0x00000000ec180000,0x00000000eca2f158,0x00000000eca80000)
  to   space 10752K, 0% used [0x00000000ece00000,0x00000000ece00000,0x00000000ed880000)
 ParOldGen       total 225792K, used 190739K [0x00000000c0000000, 0x00000000cdc80000, 0x00000000eab00000)
  object space 225792K, 84% used [0x00000000c0000000,0x00000000cba44c40,0x00000000cdc80000)
 Metaspace       used 66414K, committed 67456K, reserved 1114112K
  class space    used 8103K, committed 8576K, reserved 1048576K
}
Event: 47.271 GC heap before
{Heap before GC invocations=131 (full 7):
 PSYoungGen      total 32256K, used 31932K [0x00000000eab00000, 0x00000000ed880000, 0x0000000100000000)
  eden space 23040K, 100% used [0x00000000eab00000,0x00000000ec180000,0x00000000ec180000)
  from space 9216K, 96% used [0x00000000ec180000,0x00000000eca2f158,0x00000000eca80000)
  to   space 10752K, 0% used [0x00000000ece00000,0x00000000ece00000,0x00000000ed880000)
 ParOldGen       total 225792K, used 190739K [0x00000000c0000000, 0x00000000cdc80000, 0x00000000eab00000)
  object space 225792K, 84% used [0x00000000c0000000,0x00000000cba44c40,0x00000000cdc80000)
 Metaspace       used 66852K, committed 67904K, reserved 1114112K
  class space    used 8167K, committed 8640K, reserved 1048576K
}
Event: 47.318 GC heap after
{Heap after GC invocations=131 (full 7):
 PSYoungGen      total 31744K, used 10730K [0x00000000eab00000, 0x00000000ee080000, 0x0000000100000000)
  eden space 20992K, 0% used [0x00000000eab00000,0x00000000eab00000,0x00000000ebf80000)
  from space 10752K, 99% used [0x00000000ece00000,0x00000000ed87a818,0x00000000ed880000)
  to   space 14848K, 0% used [0x00000000ebf80000,0x00000000ebf80000,0x00000000ece00000)
 ParOldGen       total 225792K, used 193719K [0x00000000c0000000, 0x00000000cdc80000, 0x00000000eab00000)
  object space 225792K, 85% used [0x00000000c0000000,0x00000000cbd2df40,0x00000000cdc80000)
 Metaspace       used 66852K, committed 67904K, reserved 1114112K
  class space    used 8167K, committed 8640K, reserved 1048576K
}
Event: 47.811 GC heap before
{Heap before GC invocations=132 (full 7):
 PSYoungGen      total 31744K, used 31722K [0x00000000eab00000, 0x00000000ee080000, 0x0000000100000000)
  eden space 20992K, 100% used [0x00000000eab00000,0x00000000ebf80000,0x00000000ebf80000)
  from space 10752K, 99% used [0x00000000ece00000,0x00000000ed87a818,0x00000000ed880000)
  to   space 14848K, 0% used [0x00000000ebf80000,0x00000000ebf80000,0x00000000ece00000)
 ParOldGen       total 225792K, used 193719K [0x00000000c0000000, 0x00000000cdc80000, 0x00000000eab00000)
  object space 225792K, 85% used [0x00000000c0000000,0x00000000cbd2df40,0x00000000cdc80000)
 Metaspace       used 66920K, committed 68032K, reserved 1114112K
  class space    used 8177K, committed 8704K, reserved 1048576K
}
Event: 47.863 GC heap after
{Heap after GC invocations=132 (full 7):
 PSYoungGen      total 31744K, used 10593K [0x00000000eab00000, 0x00000000ed880000, 0x0000000100000000)
  eden space 20992K, 0% used [0x00000000eab00000,0x00000000eab00000,0x00000000ebf80000)
  from space 10752K, 98% used [0x00000000ebf80000,0x00000000ec9d86c8,0x00000000eca00000)
  to   space 11776K, 0% used [0x00000000ecd00000,0x00000000ecd00000,0x00000000ed880000)
 ParOldGen       total 225792K, used 198556K [0x00000000c0000000, 0x00000000cdc80000, 0x00000000eab00000)
  object space 225792K, 87% used [0x00000000c0000000,0x00000000cc1e7118,0x00000000cdc80000)
 Metaspace       used 66920K, committed 68032K, reserved 1114112K
  class space    used 8177K, committed 8704K, reserved 1048576K
}
Event: 48.547 GC heap before
{Heap before GC invocations=133 (full 7):
 PSYoungGen      total 31744K, used 31585K [0x00000000eab00000, 0x00000000ed880000, 0x0000000100000000)
  eden space 20992K, 100% used [0x00000000eab00000,0x00000000ebf80000,0x00000000ebf80000)
  from space 10752K, 98% used [0x00000000ebf80000,0x00000000ec9d86c8,0x00000000eca00000)
  to   space 11776K, 0% used [0x00000000ecd00000,0x00000000ecd00000,0x00000000ed880000)
 ParOldGen       total 225792K, used 198556K [0x00000000c0000000, 0x00000000cdc80000, 0x00000000eab00000)
  object space 225792K, 87% used [0x00000000c0000000,0x00000000cc1e7118,0x00000000cdc80000)
 Metaspace       used 67060K, committed 68160K, reserved 1114112K
  class space    used 8181K, committed 8704K, reserved 1048576K
}
Event: 48.636 GC heap after
{Heap after GC invocations=133 (full 7):
 PSYoungGen      total 30720K, used 11764K [0x00000000eab00000, 0x00000000ee080000, 0x0000000100000000)
  eden space 18944K, 0% used [0x00000000eab00000,0x00000000eab00000,0x00000000ebd80000)
  from space 11776K, 99% used [0x00000000ecd00000,0x00000000ed87d0e8,0x00000000ed880000)
  to   space 15872K, 0% used [0x00000000ebd80000,0x00000000ebd80000,0x00000000ecd00000)
 ParOldGen       total 225792K, used 201530K [0x00000000c0000000, 0x00000000cdc80000, 0x00000000eab00000)
  object space 225792K, 89% used [0x00000000c0000000,0x00000000cc4ceae8,0x00000000cdc80000)
 Metaspace       used 67060K, committed 68160K, reserved 1114112K
  class space    used 8181K, committed 8704K, reserved 1048576K
}
Event: 49.071 GC heap before
{Heap before GC invocations=134 (full 7):
 PSYoungGen      total 30720K, used 30708K [0x00000000eab00000, 0x00000000ee080000, 0x0000000100000000)
  eden space 18944K, 100% used [0x00000000eab00000,0x00000000ebd80000,0x00000000ebd80000)
  from space 11776K, 99% used [0x00000000ecd00000,0x00000000ed87d0e8,0x00000000ed880000)
  to   space 15872K, 0% used [0x00000000ebd80000,0x00000000ebd80000,0x00000000ecd00000)
 ParOldGen       total 225792K, used 201530K [0x00000000c0000000, 0x00000000cdc80000, 0x00000000eab00000)
  object space 225792K, 89% used [0x00000000c0000000,0x00000000cc4ceae8,0x00000000cdc80000)
 Metaspace       used 67072K, committed 68224K, reserved 1114112K
  class space    used 8181K, committed 8704K, reserved 1048576K
}

