# JRE version: OpenJDK Runtime Environment Temurin-17.0.10+7 (17.0.10+7) (build 17.0.10+7)
# Java VM: OpenJDK 64-Bit Server VM Temurin-17.0.10+7 (17.0.10+7, mixed mode, tiered, compressed oops, compressed class ptrs, parallel gc, linux-amd64)
GC Precious Log:
 CPUs: 4 total, 4 available
 Memory: 7811M
 Large Page Support: Disabled
 NUMA Support: Disabled
 Compressed Oops: Enabled (32-bit)
 Alignments: Space 512K, Generation 512K, Heap 2M
 Heap Min Capacity: 100M
 Heap Initial Capacity: 100M
 Heap Max Capacity: 1G
 Pre-touch: Disabled
 Parallel Workers: 4
Heap:
 PSYoungGen      total 31232K, used 30800K [0x00000000eab00000, 0x00000000ed280000, 0x0000000100000000)
  eden space 26112K, 100% used [0x00000000eab00000,0x00000000ec480000,0x00000000ec480000)
  from space 5120K, 91% used [0x00000000ecd80000,0x00000000ed214120,0x00000000ed280000)
  to   space 6144K, 99% used [0x00000000ec680000,0x00000000ecc782b8,0x00000000ecc80000)
 ParOldGen       total 214528K, used 209462K [0x00000000c0000000, 0x00000000cd180000, 0x00000000eab00000)
  object space 214528K, 97% used [0x00000000c0000000,0x00000000ccc8fb28,0x00000000cd180000)
 Metaspace       used 66937K, committed 68032K, reserved 1114112K
  class space    used 8193K, committed 8704K, reserved 1048576K
GC Heap History (20 events):
Event: 60.458 GC heap after
{Heap after GC invocations=111 (full 7):
 PSYoungGen      total 19968K, used 3566K [0x00000000eab00000, 0x00000000ec500000, 0x0000000100000000)
  eden space 16384K, 0% used [0x00000000eab00000,0x00000000eab00000,0x00000000ebb00000)
  from space 3584K, 99% used [0x00000000ebc80000,0x00000000ebffbb58,0x00000000ec000000)
  to   space 5120K, 0% used [0x00000000ec000000,0x00000000ec000000,0x00000000ec500000)
 ParOldGen       total 214528K, used 179114K [0x00000000c0000000, 0x00000000cd180000, 0x00000000eab00000)
  object space 214528K, 83% used [0x00000000c0000000,0x00000000caeea9f8,0x00000000cd180000)
 Metaspace       used 65457K, committed 66432K, reserved 1114112K
  class space    used 7967K, committed 8384K, reserved 1048576K
}
Event: 60.596 GC heap before
{Heap before GC invocations=112 (full 7):
 PSYoungGen      total 19968K, used 19950K [0x00000000eab00000, 0x00000000ec500000, 0x0000000100000000)
  eden space 16384K, 100% used [0x00000000eab00000,0x00000000ebb00000,0x00000000ebb00000)
  from space 3584K, 99% used [0x00000000ebc80000,0x00000000ebffbb58,0x00000000ec000000)
  to   space 5120K, 0% used [0x00000000ec000000,0x00000000ec000000,0x00000000ec500000)
 ParOldGen       total 214528K, used 179114K [0x00000000c0000000, 0x00000000cd180000, 0x00000000eab00000)
  object space 214528K, 83% used [0x00000000c0000000,0x00000000caeea9f8,0x00000000cd180000)
 Metaspace       used 65458K, committed 66432K, reserved 1114112K
  class space    used 7967K, committed 8384K, reserved 1048576K
}
Event: 60.608 GC heap after
{Heap after GC invocations=112 (full 7):
 PSYoungGen      total 20480K, used 2431K [0x00000000eab00000, 0x00000000ec300000, 0x0000000100000000)
  eden space 17408K, 0% used [0x00000000eab00000,0x00000000eab00000,0x00000000ebc00000)
  from space 3072K, 79% used [0x00000000ec000000,0x00000000ec25fe58,0x00000000ec300000)
  to   space 3584K, 0% used [0x00000000ebc00000,0x00000000ebc00000,0x00000000ebf80000)
 ParOldGen       total 214528K, used 182060K [0x00000000c0000000, 0x00000000cd180000, 0x00000000eab00000)
  object space 214528K, 84% used [0x00000000c0000000,0x00000000cb1cb3b0,0x00000000cd180000)
 Metaspace       used 65458K, committed 66432K, reserved 1114112K
  class space    used 7967K, committed 8384K, reserved 1048576K
}
Event: 60.853 GC heap before
{Heap before GC invocations=113 (full 7):
 PSYoungGen      total 20480K, used 19839K [0x00000000eab00000, 0x00000000ec300000, 0x0000000100000000)
  eden space 17408K, 100% used [0x00000000eab00000,0x00000000ebc00000,0x00000000ebc00000)
  from space 3072K, 79% used [0x00000000ec000000,0x00000000ec25fe58,0x00000000ec300000)
  to   space 3584K, 0% used [0x00000000ebc00000,0x00000000ebc00000,0x00000000ebf80000)
 ParOldGen       total 214528K, used 182060K [0x00000000c0000000, 0x00000000cd180000, 0x00000000eab00000)
  object space 214528K, 84% used [0x00000000c0000000,0x00000000cb1cb3b0,0x00000000cd180000)
 Metaspace       used 65458K, committed 66432K, reserved 1114112K
  class space    used 7967K, committed 8384K, reserved 1048576K
}
Event: 60.888 GC heap after
{Heap after GC invocations=113 (full 7):
 PSYoungGen      total 20992K, used 3554K [0x00000000eab00000, 0x00000000ec980000, 0x0000000100000000)
  eden space 17408K, 0% used [0x00000000eab00000,0x00000000eab00000,0x00000000ebc00000)
  from space 3584K, 99% used [0x00000000ebc00000,0x00000000ebf78a18,0x00000000ebf80000)
  to   space 6144K, 0% used [0x00000000ec380000,0x00000000ec380000,0x00000000ec980000)
 ParOldGen       total 214528K, used 183907K [0x00000000c0000000, 0x00000000cd180000, 0x00000000eab00000)
  object space 214528K, 85% used [0x00000000c0000000,0x00000000cb398fc0,0x00000000cd180000)
 Metaspace       used 65458K, committed 66432K, reserved 1114112K
  class space    used 7967K, committed 8384K, reserved 1048576K
}
Event: 61.095 GC heap before
{Heap before GC invocations=114 (full 7):
 PSYoungGen      total 20992K, used 20962K [0x00000000eab00000, 0x00000000ec980000, 0x0000000100000000)
  eden space 17408K, 100% used [0x00000000eab00000,0x00000000ebc00000,0x00000000ebc00000)
  from space 3584K, 99% used [0x00000000ebc00000,0x00000000ebf78a18,0x00000000ebf80000)
  to   space 6144K, 0% used [0x00000000ec380000,0x00000000ec380000,0x00000000ec980000)
 ParOldGen       total 214528K, used 183907K [0x00000000c0000000, 0x00000000cd180000, 0x00000000eab00000)
  object space 214528K, 85% used [0x00000000c0000000,0x00000000cb398fc0,0x00000000cd180000)
 Metaspace       used 65458K, committed 66432K, reserved 1114112K
  class space    used 7967K, committed 8384K, reserved 1048576K
}
Event: 61.130 GC heap after
{Heap after GC invocations=114 (full 7):
 PSYoungGen      total 21504K, used 2451K [0x00000000eab00000, 0x00000000ec600000, 0x0000000100000000)
  eden space 18944K, 0% used [0x00000000eab00000,0x00000000eab00000,0x00000000ebd80000)
  from space 2560K, 95% used [0x00000000ec380000,0x00000000ec5e4fc0,0x00000000ec600000)
  to   space 3584K, 0% used [0x00000000ebf00000,0x00000000ebf00000,0x00000000ec280000)
 ParOldGen       total 214528K, used 187345K [0x00000000c0000000, 0x00000000cd180000, 0x00000000eab00000)
  object space 214528K, 87% used [0x00000000c0000000,0x00000000cb6f4400,0x00000000cd180000)
 Metaspace       used 65458K, committed 66432K, reserved 1114112K
  class space    used 7967K, committed 8384K, reserved 1048576K
}
Event: 61.431 GC heap before
{Heap before GC invocations=115 (full 7):
 PSYoungGen      total 21504K, used 21395K [0x00000000eab00000, 0x00000000ec600000, 0x0000000100000000)
  eden space 18944K, 100% used [0x00000000eab00000,0x00000000ebd80000,0x00000000ebd80000)
  from space 2560K, 95% used [0x00000000ec380000,0x00000000ec5e4fc0,0x00000000ec600000)
  to   space 3584K, 0% used [0x00000000ebf00000,0x00000000ebf00000,0x00000000ec280000)
 ParOldGen       total 214528K, used 187345K [0x00000000c0000000, 0x00000000cd180000, 0x00000000eab00000)
  object space 214528K, 87% used [0x00000000c0000000,0x00000000cb6f4400,0x00000000cd180000)
 Metaspace       used 65463K, committed 66432K, reserved 1114112K
  class space    used 7967K, committed 8384K, reserved 1048576K
}
Event: 61.467 GC heap after
{Heap after GC invocations=115 (full 7):
 PSYoungGen      total 24064K, used 3555K [0x00000000eab00000, 0x00000000eca00000, 0x0000000100000000)
  eden space 20480K, 0% used [0x00000000eab00000,0x00000000eab00000,0x00000000ebf00000)
  from space 3584K, 99% used [0x00000000ebf00000,0x00000000ec278f68,0x00000000ec280000)
  to   space 5632K, 0% used [0x00000000ec480000,0x00000000ec480000,0x00000000eca00000)
 ParOldGen       total 214528K, used 188760K [0x00000000c0000000, 0x00000000cd180000, 0x00000000eab00000)
  object space 214528K, 87% used [0x00000000c0000000,0x00000000cb8563f0,0x00000000cd180000)
 Metaspace       used 65463K, committed 66432K, reserved 1114112K
  class space    used 7967K, committed 8384K, reserved 1048576K
}
Event: 61.669 GC heap before
{Heap before GC invocations=116 (full 7):
 PSYoungGen      total 24064K, used 24035K [0x00000000eab00000, 0x00000000eca00000, 0x0000000100000000)
  eden space 20480K, 100% used [0x00000000eab00000,0x00000000ebf00000,0x00000000ebf00000)
  from space 3584K, 99% used [0x00000000ebf00000,0x00000000ec278f68,0x00000000ec280000)
  to   space 5632K, 0% used [0x00000000ec480000,0x00000000ec480000,0x00000000eca00000)
 ParOldGen       total 214528K, used 188760K [0x00000000c0000000, 0x00000000cd180000, 0x00000000eab00000)
  object space 214528K, 87% used [0x00000000c0000000,0x00000000cb8563f0,0x00000000cd180000)
 Metaspace       used 65463K, committed 66432K, reserved 1114112K
  class space    used 7967K, committed 8384K, reserved 1048576K
}
Event: 61.680 GC heap after
{Heap after GC invocations=116 (full 7):
 PSYoungGen      total 26112K, used 3265K [0x00000000eab00000, 0x00000000ec880000, 0x0000000100000000)
  eden space 22016K, 0% used [0x00000000eab00000,0x00000000eab00000,0x00000000ec080000)
  from space 4096K, 79% used [0x00000000ec480000,0x00000000ec7b06e8,0x00000000ec880000)
  to   space 4096K, 0% used [0x00000000ec080000,0x00000000ec080000,0x00000000ec480000)
 ParOldGen       total 214528K, used 192269K [0x00000000c0000000, 0x00000000cd180000, 0x00000000eab00000)
  object space 214528K, 89% used [0x00000000c0000000,0x00000000cbbc3678,0x00000000cd180000)
 Metaspace       used 65463K, committed 66432K, reserved 1114112K
  class space    used 7967K, committed 8384K, reserved 1048576K
}
Event: 61.875 GC heap before
{Heap before GC invocations=117 (full 7):
 PSYoungGen      total 26112K, used 25281K [0x00000000eab00000, 0x00000000ec880000, 0x0000000100000000)
  eden space 22016K, 100% used [0x00000000eab00000,0x00000000ec080000,0x00000000ec080000)
  from space 4096K, 79% used [0x00000000ec480000,0x00000000ec7b06e8,0x00000000ec880000)
  to   space 4096K, 0% used [0x00000000ec080000,0x00000000ec080000,0x00000000ec480000)
 ParOldGen       total 214528K, used 192269K [0x00000000c0000000, 0x00000000cd180000, 0x00000000eab00000)
  object space 214528K, 89% used [0x00000000c0000000,0x00000000cbbc36a8,0x00000000cd180000)
 Metaspace       used 65463K, committed 66432K, reserved 1114112K
  class space    used 7967K, committed 8384K, reserved 1048576K
}
Event: 61.913 GC heap after
{Heap after GC invocations=117 (full 7):
 PSYoungGen      total 26112K, used 4095K [0x00000000eab00000, 0x00000000ecd80000, 0x0000000100000000)
  eden space 22016K, 0% used [0x00000000eab00000,0x00000000eab00000,0x00000000ec080000)
  from space 4096K, 99% used [0x00000000ec080000,0x00000000ec47ff30,0x00000000ec480000)
  to   space 6656K, 0% used [0x00000000ec700000,0x00000000ec700000,0x00000000ecd80000)
 ParOldGen       total 214528K, used 194311K [0x00000000c0000000, 0x00000000cd180000, 0x00000000eab00000)
  object space 214528K, 90% used [0x00000000c0000000,0x00000000cbdc1f98,0x00000000cd180000)
 Metaspace       used 65463K, committed 66432K, reserved 1114112K
  class space    used 7967K, committed 8384K, reserved 1048576K
}
Event: 62.120 GC heap before
{Heap before GC invocations=118 (full 7):
 PSYoungGen      total 26112K, used 26111K [0x00000000eab00000, 0x00000000ecd80000, 0x0000000100000000)
  eden space 22016K, 100% used [0x00000000eab00000,0x00000000ec080000,0x00000000ec080000)
  from space 4096K, 99% used [0x00000000ec080000,0x00000000ec47ff30,0x00000000ec480000)
  to   space 6656K, 0% used [0x00000000ec700000,0x00000000ec700000,0x00000000ecd80000)
 ParOldGen       total 214528K, used 194315K [0x00000000c0000000, 0x00000000cd180000, 0x00000000eab00000)
  object space 214528K, 90% used [0x00000000c0000000,0x00000000cbdc2d10,0x00000000cd180000)
 Metaspace       used 65551K, committed 66560K, reserved 1114112K
  class space    used 7983K, committed 8448K, reserved 1048576K
}
Event: 62.154 GC heap after
{Heap after GC invocations=118 (full 7):
 PSYoungGen      total 28672K, used 3544K [0x00000000eab00000, 0x00000000ecb80000, 0x0000000100000000)
  eden space 24064K, 0% used [0x00000000eab00000,0x00000000eab00000,0x00000000ec280000)
  from space 4608K, 76% used [0x00000000ec700000,0x00000000eca76170,0x00000000ecb80000)
  to   space 4608K, 0% used [0x00000000ec280000,0x00000000ec280000,0x00000000ec700000)
 ParOldGen       total 214528K, used 198025K [0x00000000c0000000, 0x00000000cd180000, 0x00000000eab00000)
  object space 214528K, 92% used [0x00000000c0000000,0x00000000cc162570,0x00000000cd180000)
 Metaspace       used 65551K, committed 66560K, reserved 1114112K
  class space    used 7983K, committed 8448K, reserved 1048576K
}
Event: 62.364 GC heap before
{Heap before GC invocations=119 (full 7):
 PSYoungGen      total 28672K, used 27608K [0x00000000eab00000, 0x00000000ecb80000, 0x0000000100000000)
  eden space 24064K, 100% used [0x00000000eab00000,0x00000000ec280000,0x00000000ec280000)
  from space 4608K, 76% used [0x00000000ec700000,0x00000000eca76170,0x00000000ecb80000)
  to   space 4608K, 0% used [0x00000000ec280000,0x00000000ec280000,0x00000000ec700000)
 ParOldGen       total 214528K, used 198025K [0x00000000c0000000, 0x00000000cd180000, 0x00000000eab00000)
  object space 214528K, 92% used [0x00000000c0000000,0x00000000cc162570,0x00000000cd180000)
 Metaspace       used 66188K, committed 67200K, reserved 1114112K
  class space    used 8081K, committed 8512K, reserved 1048576K
}
Event: 62.371 GC heap after
{Heap after GC invocations=119 (full 7):
 PSYoungGen      total 28672K, used 4583K [0x00000000eab00000, 0x00000000ed680000, 0x0000000100000000)
  eden space 24064K, 0% used [0x00000000eab00000,0x00000000eab00000,0x00000000ec280000)
  from space 4608K, 99% used [0x00000000ec280000,0x00000000ec6f9cf8,0x00000000ec700000)
  to   space 9216K, 0% used [0x00000000ecd80000,0x00000000ecd80000,0x00000000ed680000)
 ParOldGen       total 214528K, used 201762K [0x00000000c0000000, 0x00000000cd180000, 0x00000000eab00000)
  object space 214528K, 94% used [0x00000000c0000000,0x00000000cc508bf0,0x00000000cd180000)
 Metaspace       used 66188K, committed 67200K, reserved 1114112K
  class space    used 8081K, committed 8512K, reserved 1048576K
}
Event: 62.800 GC heap before
{Heap before GC invocations=120 (full 7):
 PSYoungGen      total 28672K, used 28647K [0x00000000eab00000, 0x00000000ed680000, 0x0000000100000000)
  eden space 24064K, 100% used [0x00000000eab00000,0x00000000ec280000,0x00000000ec280000)
  from space 4608K, 99% used [0x00000000ec280000,0x00000000ec6f9cf8,0x00000000ec700000)
  to   space 9216K, 0% used [0x00000000ecd80000,0x00000000ecd80000,0x00000000ed680000)
 ParOldGen       total 214528K, used 201762K [0x00000000c0000000, 0x00000000cd180000, 0x00000000eab00000)
  object space 214528K, 94% used [0x00000000c0000000,0x00000000cc508bf0,0x00000000cd180000)
 Metaspace       used 66798K, committed 67904K, reserved 1114112K
  class space    used 8169K, committed 8704K, reserved 1048576K
}
Event: 62.858 GC heap after
{Heap after GC invocations=120 (full 7):
 PSYoungGen      total 31232K, used 4688K [0x00000000eab00000, 0x00000000ed280000, 0x0000000100000000)
  eden space 26112K, 0% used [0x00000000eab00000,0x00000000eab00000,0x00000000ec480000)
  from space 5120K, 91% used [0x00000000ecd80000,0x00000000ed214120,0x00000000ed280000)
  to   space 6144K, 0% used [0x00000000ec680000,0x00000000ec680000,0x00000000ecc80000)
 ParOldGen       total 214528K, used 206351K [0x00000000c0000000, 0x00000000cd180000, 0x00000000eab00000)
  object space 214528K, 96% used [0x00000000c0000000,0x00000000cc983e10,0x00000000cd180000)
 Metaspace       used 66798K, committed 67904K, reserved 1114112K
  class space    used 8169K, committed 8704K, reserved 1048576K
}
Event: 63.642 GC heap before
{Heap before GC invocations=121 (full 7):
 PSYoungGen      total 31232K, used 30800K [0x00000000eab00000, 0x00000000ed280000, 0x0000000100000000)
  eden space 26112K, 100% used [0x00000000eab00000,0x00000000ec480000,0x00000000ec480000)
  from space 5120K, 91% used [0x00000000ecd80000,0x00000000ed214120,0x00000000ed280000)
  to   space 6144K, 0% used [0x00000000ec680000,0x00000000ec680000,0x00000000ecc80000)
 ParOldGen       total 214528K, used 206351K [0x00000000c0000000, 0x00000000cd180000, 0x00000000eab00000)
  object space 214528K, 96% used [0x00000000c0000000,0x00000000cc983e10,0x00000000cd180000)
 Metaspace       used 66937K, committed 68032K, reserved 1114112K
  class space    used 8193K, committed 8704K, reserved 1048576K
}

